{"/Users/diogo/github-archive/repos/dhdtech/only-once-share/ui/src/components/LanguageSelector.tsx": {"path":"/Users/diogo/github-archive/repos/dhdtech/only-once-share/ui/src/components/LanguageSelector.tsx","statementMap":{"0":{"start":{"line":6,"column":15},"end":{"line":6,"column":null}},"1":{"start":{"line":7,"column":22},"end":{"line":7,"column":null}},"2":{"start":{"line":8,"column":8},"end":{"line":8,"column":null}},"3":{"start":{"line":10,"column":18},"end":{"line":10,"column":null}},"4":{"start":{"line":10,"column":40},"end":{"line":10,"column":64}},"5":{"start":{"line":12,"column":2},"end":{"line":20,"column":null}},"6":{"start":{"line":14,"column":6},"end":{"line":16,"column":null}},"7":{"start":{"line":15,"column":8},"end":{"line":15,"column":null}},"8":{"start":{"line":18,"column":4},"end":{"line":18,"column":null}},"9":{"start":{"line":19,"column":4},"end":{"line":19,"column":null}},"10":{"start":{"line":19,"column":17},"end":{"line":19,"column":null}},"11":{"start":{"line":23,"column":4},"end":{"line":23,"column":null}},"12":{"start":{"line":24,"column":4},"end":{"line":24,"column":null}},"13":{"start":{"line":27,"column":2},"end":{"line":54,"column":null}},"14":{"start":{"line":31,"column":23},"end":{"line":31,"column":null}},"15":{"start":{"line":41,"column":12},"end":{"line":50,"column":null}},"16":{"start":{"line":46,"column":29},"end":{"line":46,"column":null}}},"fnMap":{"0":{"name":"LanguageSelector","decl":{"start":{"line":5,"column":24},"end":{"line":5,"column":43}},"loc":{"start":{"line":5,"column":43},"end":{"line":56,"column":null}},"line":5},"1":{"name":"(anonymous_1)","decl":{"start":{"line":10,"column":33},"end":{"line":10,"column":34}},"loc":{"start":{"line":10,"column":40},"end":{"line":10,"column":64}},"line":10},"2":{"name":"(anonymous_2)","decl":{"start":{"line":12,"column":12},"end":{"line":12,"column":18}},"loc":{"start":{"line":12,"column":18},"end":{"line":20,"column":5}},"line":12},"3":{"name":"handleClick","decl":{"start":{"line":13,"column":13},"end":{"line":13,"column":25}},"loc":{"start":{"line":13,"column":40},"end":{"line":17,"column":null}},"line":13},"4":{"name":"(anonymous_4)","decl":{"start":{"line":19,"column":11},"end":{"line":19,"column":17}},"loc":{"start":{"line":19,"column":17},"end":{"line":19,"column":null}},"line":19},"5":{"name":"select","decl":{"start":{"line":22,"column":11},"end":{"line":22,"column":18}},"loc":{"start":{"line":22,"column":32},"end":{"line":25,"column":null}},"line":22},"6":{"name":"(anonymous_6)","decl":{"start":{"line":31,"column":17},"end":{"line":31,"column":23}},"loc":{"start":{"line":31,"column":23},"end":{"line":31,"column":null}},"line":31},"7":{"name":"(anonymous_7)","decl":{"start":{"line":40,"column":25},"end":{"line":40,"column":26}},"loc":{"start":{"line":41,"column":12},"end":{"line":50,"column":null}},"line":41},"8":{"name":"(anonymous_8)","decl":{"start":{"line":46,"column":23},"end":{"line":46,"column":29}},"loc":{"start":{"line":46,"column":29},"end":{"line":46,"column":null}},"line":46}},"branchMap":{"0":{"loc":{"start":{"line":10,"column":18},"end":{"line":10,"column":null}},"type":"binary-expr","locations":[{"start":{"line":10,"column":18},"end":{"line":10,"column":69}},{"start":{"line":10,"column":69},"end":{"line":10,"column":null}}],"line":10},"1":{"loc":{"start":{"line":14,"column":6},"end":{"line":16,"column":null}},"type":"if","locations":[{"start":{"line":14,"column":6},"end":{"line":16,"column":null}},{"start":{},"end":{}}],"line":14},"2":{"loc":{"start":{"line":14,"column":10},"end":{"line":14,"column":66}},"type":"binary-expr","locations":[{"start":{"line":14,"column":10},"end":{"line":14,"column":25}},{"start":{"line":14,"column":25},"end":{"line":14,"column":66}}],"line":14},"3":{"loc":{"start":{"line":38,"column":7},"end":{"line":52,"column":null}},"type":"binary-expr","locations":[{"start":{"line":38,"column":7},"end":{"line":38,"column":null}},{"start":{"line":39,"column":8},"end":{"line":52,"column":null}}],"line":38},"4":{"loc":{"start":{"line":43,"column":40},"end":{"line":43,"column":96}},"type":"cond-expr","locations":[{"start":{"line":43,"column":70},"end":{"line":43,"column":94}},{"start":{"line":43,"column":94},"end":{"line":43,"column":96}}],"line":43}},"s":{"0":18,"1":18,"2":18,"3":18,"4":32,"5":18,"6":8,"7":1,"8":10,"9":10,"10":10,"11":1,"12":1,"13":18,"14":6,"15":30,"16":1},"f":{"0":18,"1":32,"2":10,"3":8,"4":10,"5":1,"6":6,"7":30,"8":1},"b":{"0":[18,0],"1":[1,7],"2":[8,8],"3":[18,5],"4":[5,25]},"meta":{"lastBranch":5,"lastFunction":9,"lastStatement":17,"seen":{"f:5:24:5:43":0,"s:6:15:6:Infinity":0,"s:7:22:7:Infinity":1,"s:8:8:8:Infinity":2,"s:10:18:10:Infinity":3,"b:10:18:10:69:10:69:10:Infinity":0,"f:10:33:10:34":1,"s:10:40:10:64":4,"s:12:2:20:Infinity":5,"f:12:12:12:18":2,"f:13:13:13:25":3,"b:14:6:16:Infinity:undefined:undefined:undefined:undefined":1,"s:14:6:16:Infinity":6,"b:14:10:14:25:14:25:14:66":2,"s:15:8:15:Infinity":7,"s:18:4:18:Infinity":8,"s:19:4:19:Infinity":9,"f:19:11:19:17":4,"s:19:17:19:Infinity":10,"f:22:11:22:18":5,"s:23:4:23:Infinity":11,"s:24:4:24:Infinity":12,"s:27:2:54:Infinity":13,"f:31:17:31:23":6,"s:31:23:31:Infinity":14,"b:38:7:38:Infinity:39:8:52:Infinity":3,"f:40:25:40:26":7,"s:41:12:50:Infinity":15,"b:43:70:43:94:43:94:43:96":4,"f:46:23:46:29":8,"s:46:29:46:Infinity":16}}}
,"/Users/diogo/github-archive/repos/dhdtech/only-once-share/ui/src/components/Layout.tsx": {"path":"/Users/diogo/github-archive/repos/dhdtech/only-once-share/ui/src/components/Layout.tsx","statementMap":{"0":{"start":{"line":7,"column":12},"end":{"line":7,"column":null}},"1":{"start":{"line":9,"column":2},"end":{"line":42,"column":null}}},"fnMap":{"0":{"name":"Layout","decl":{"start":{"line":6,"column":24},"end":{"line":6,"column":31}},"loc":{"start":{"line":6,"column":76},"end":{"line":44,"column":null}},"line":6}},"branchMap":{},"s":{"0":4,"1":4},"f":{"0":4},"b":{},"meta":{"lastBranch":0,"lastFunction":1,"lastStatement":2,"seen":{"f:6:24:6:31":0,"s:7:12:7:Infinity":0,"s:9:2:42:Infinity":1}}}
,"/Users/diogo/github-archive/repos/dhdtech/only-once-share/ui/src/components/SecurityModal.tsx": {"path":"/Users/diogo/github-archive/repos/dhdtech/only-once-share/ui/src/components/SecurityModal.tsx","statementMap":{"0":{"start":{"line":17,"column":12},"end":{"line":17,"column":null}},"1":{"start":{"line":18,"column":22},"end":{"line":18,"column":null}},"2":{"start":{"line":20,"column":2},"end":{"line":107,"column":null}},"3":{"start":{"line":24,"column":23},"end":{"line":24,"column":null}},"4":{"start":{"line":31,"column":54},"end":{"line":31,"column":null}},"5":{"start":{"line":37,"column":28},"end":{"line":37,"column":null}},"6":{"start":{"line":46,"column":31},"end":{"line":46,"column":null}}},"fnMap":{"0":{"name":"SecurityModal","decl":{"start":{"line":16,"column":24},"end":{"line":16,"column":40}},"loc":{"start":{"line":16,"column":40},"end":{"line":109,"column":null}},"line":16},"1":{"name":"(anonymous_1)","decl":{"start":{"line":24,"column":17},"end":{"line":24,"column":23}},"loc":{"start":{"line":24,"column":23},"end":{"line":24,"column":null}},"line":24},"2":{"name":"(anonymous_2)","decl":{"start":{"line":31,"column":48},"end":{"line":31,"column":54}},"loc":{"start":{"line":31,"column":54},"end":{"line":31,"column":null}},"line":31},"3":{"name":"(anonymous_3)","decl":{"start":{"line":37,"column":21},"end":{"line":37,"column":22}},"loc":{"start":{"line":37,"column":28},"end":{"line":37,"column":null}},"line":37},"4":{"name":"(anonymous_4)","decl":{"start":{"line":46,"column":25},"end":{"line":46,"column":31}},"loc":{"start":{"line":46,"column":31},"end":{"line":46,"column":null}},"line":46}},"branchMap":{"0":{"loc":{"start":{"line":30,"column":7},"end":{"line":105,"column":null}},"type":"binary-expr","locations":[{"start":{"line":30,"column":7},"end":{"line":30,"column":null}},{"start":{"line":31,"column":8},"end":{"line":105,"column":null}}],"line":30}},"s":{"0":17,"1":17,"2":17,"3":5,"4":1,"5":2,"6":1},"f":{"0":17,"1":5,"2":1,"3":2,"4":1},"b":{"0":[17,5]},"meta":{"lastBranch":1,"lastFunction":5,"lastStatement":7,"seen":{"f:16:24:16:40":0,"s:17:12:17:Infinity":0,"s:18:22:18:Infinity":1,"s:20:2:107:Infinity":2,"f:24:17:24:23":1,"s:24:23:24:Infinity":3,"b:30:7:30:Infinity:31:8:105:Infinity":0,"f:31:48:31:54":2,"s:31:54:31:Infinity":4,"f:37:21:37:22":3,"s:37:28:37:Infinity":5,"f:46:25:46:31":4,"s:46:31:46:Infinity":6}}}
,"/Users/diogo/github-archive/repos/dhdtech/only-once-share/ui/src/i18n/index.ts": {"path":"/Users/diogo/github-archive/repos/dhdtech/only-once-share/ui/src/i18n/index.ts","statementMap":{"0":{"start":{"line":12,"column":0},"end":{"line":34,"column":null}},"1":{"start":{"line":32,"column":48},"end":{"line":32,"column":null}},"2":{"start":{"line":38,"column":25},"end":{"line":45,"column":null}}},"fnMap":{"0":{"name":"(anonymous_0)","decl":{"start":{"line":32,"column":31},"end":{"line":32,"column":32}},"loc":{"start":{"line":32,"column":48},"end":{"line":32,"column":null}},"line":32}},"branchMap":{},"s":{"0":6,"1":21,"2":6},"f":{"0":21},"b":{},"meta":{"lastBranch":0,"lastFunction":1,"lastStatement":3,"seen":{"s:12:0:34:Infinity":0,"f:32:31:32:32":0,"s:32:48:32:Infinity":1,"s:38:25:45:Infinity":2}}}
,"/Users/diogo/github-archive/repos/dhdtech/only-once-share/ui/src/lib/api.ts": {"path":"/Users/diogo/github-archive/repos/dhdtech/only-once-share/ui/src/lib/api.ts","statementMap":{"0":{"start":{"line":11,"column":14},"end":{"line":15,"column":null}},"1":{"start":{"line":17,"column":2},"end":{"line":20,"column":null}},"2":{"start":{"line":18,"column":16},"end":{"line":18,"column":null}},"3":{"start":{"line":19,"column":4},"end":{"line":19,"column":null}},"4":{"start":{"line":22,"column":15},"end":{"line":22,"column":null}},"5":{"start":{"line":23,"column":2},"end":{"line":23,"column":null}},"6":{"start":{"line":32,"column":14},"end":{"line":32,"column":null}},"7":{"start":{"line":34,"column":2},"end":{"line":36,"column":null}},"8":{"start":{"line":35,"column":4},"end":{"line":35,"column":null}},"9":{"start":{"line":38,"column":2},"end":{"line":41,"column":null}},"10":{"start":{"line":39,"column":16},"end":{"line":39,"column":null}},"11":{"start":{"line":40,"column":4},"end":{"line":40,"column":null}},"12":{"start":{"line":43,"column":15},"end":{"line":43,"column":null}},"13":{"start":{"line":44,"column":2},"end":{"line":44,"column":null}}},"fnMap":{"0":{"name":"createSecret","decl":{"start":{"line":6,"column":22},"end":{"line":6,"column":null}},"loc":{"start":{"line":10,"column":31},"end":{"line":24,"column":null}},"line":10},"1":{"name":"getSecret","decl":{"start":{"line":31,"column":22},"end":{"line":31,"column":32}},"loc":{"start":{"line":31,"column":70},"end":{"line":45,"column":null}},"line":31}},"branchMap":{"0":{"loc":{"start":{"line":17,"column":2},"end":{"line":20,"column":null}},"type":"if","locations":[{"start":{"line":17,"column":2},"end":{"line":20,"column":null}},{"start":{},"end":{}}],"line":17},"1":{"loc":{"start":{"line":19,"column":20},"end":{"line":19,"column":58}},"type":"binary-expr","locations":[{"start":{"line":19,"column":20},"end":{"line":19,"column":33}},{"start":{"line":19,"column":33},"end":{"line":19,"column":58}}],"line":19},"2":{"loc":{"start":{"line":23,"column":31},"end":{"line":23,"column":50}},"type":"binary-expr","locations":[{"start":{"line":23,"column":31},"end":{"line":23,"column":45}},{"start":{"line":23,"column":45},"end":{"line":23,"column":50}}],"line":23},"3":{"loc":{"start":{"line":34,"column":2},"end":{"line":36,"column":null}},"type":"if","locations":[{"start":{"line":34,"column":2},"end":{"line":36,"column":null}},{"start":{},"end":{}}],"line":34},"4":{"loc":{"start":{"line":38,"column":2},"end":{"line":41,"column":null}},"type":"if","locations":[{"start":{"line":38,"column":2},"end":{"line":41,"column":null}},{"start":{},"end":{}}],"line":38},"5":{"loc":{"start":{"line":40,"column":20},"end":{"line":40,"column":60}},"type":"binary-expr","locations":[{"start":{"line":40,"column":20},"end":{"line":40,"column":33}},{"start":{"line":40,"column":33},"end":{"line":40,"column":60}}],"line":40}},"s":{"0":4,"1":4,"2":2,"3":2,"4":2,"5":2,"6":4,"7":4,"8":1,"9":3,"10":2,"11":2,"12":1,"13":1},"f":{"0":4,"1":4},"b":{"0":[2,2],"1":[2,1],"2":[2,1],"3":[1,3],"4":[2,1],"5":[2,1]},"meta":{"lastBranch":6,"lastFunction":2,"lastStatement":14,"seen":{"f:6:22:6:Infinity":0,"s:11:14:15:Infinity":0,"b:17:2:20:Infinity:undefined:undefined:undefined:undefined":0,"s:17:2:20:Infinity":1,"s:18:16:18:Infinity":2,"s:19:4:19:Infinity":3,"b:19:20:19:33:19:33:19:58":1,"s:22:15:22:Infinity":4,"s:23:2:23:Infinity":5,"b:23:31:23:45:23:45:23:50":2,"f:31:22:31:32":1,"s:32:14:32:Infinity":6,"b:34:2:36:Infinity:undefined:undefined:undefined:undefined":3,"s:34:2:36:Infinity":7,"s:35:4:35:Infinity":8,"b:38:2:41:Infinity:undefined:undefined:undefined:undefined":4,"s:38:2:41:Infinity":9,"s:39:16:39:Infinity":10,"s:40:4:40:Infinity":11,"b:40:20:40:33:40:33:40:60":5,"s:43:15:43:Infinity":12,"s:44:2:44:Infinity":13}}}
,"/Users/diogo/github-archive/repos/dhdtech/only-once-share/ui/src/lib/crypto.ts": {"path":"/Users/diogo/github-archive/repos/dhdtech/only-once-share/ui/src/lib/crypto.ts","statementMap":{"0":{"start":{"line":11,"column":16},"end":{"line":11,"column":null}},"1":{"start":{"line":12,"column":17},"end":{"line":12,"column":null}},"2":{"start":{"line":17,"column":2},"end":{"line":20,"column":null}},"3":{"start":{"line":24,"column":17},"end":{"line":24,"column":null}},"4":{"start":{"line":25,"column":17},"end":{"line":25,"column":null}},"5":{"start":{"line":26,"column":2},"end":{"line":26,"column":null}},"6":{"start":{"line":26,"column":46},"end":{"line":26,"column":61}},"7":{"start":{"line":33,"column":2},"end":{"line":36,"column":null}},"8":{"start":{"line":41,"column":14},"end":{"line":41,"column":null}},"9":{"start":{"line":42,"column":2},"end":{"line":42,"column":null}},"10":{"start":{"line":47,"column":14},"end":{"line":47,"column":null}},"11":{"start":{"line":48,"column":2},"end":{"line":54,"column":null}},"12":{"start":{"line":69,"column":17},"end":{"line":69,"column":null}},"13":{"start":{"line":71,"column":18},"end":{"line":77,"column":null}},"14":{"start":{"line":79,"column":18},"end":{"line":79,"column":null}},"15":{"start":{"line":80,"column":2},"end":{"line":91,"column":null}},"16":{"start":{"line":107,"column":21},"end":{"line":107,"column":null}},"17":{"start":{"line":108,"column":13},"end":{"line":108,"column":null}},"18":{"start":{"line":109,"column":14},"end":{"line":109,"column":null}},"19":{"start":{"line":110,"column":18},"end":{"line":110,"column":null}},"20":{"start":{"line":112,"column":21},"end":{"line":116,"column":null}},"21":{"start":{"line":119,"column":2},"end":{"line":119,"column":null}},"22":{"start":{"line":122,"column":18},"end":{"line":122,"column":null}},"23":{"start":{"line":123,"column":19},"end":{"line":123,"column":null}},"24":{"start":{"line":124,"column":2},"end":{"line":124,"column":null}},"25":{"start":{"line":125,"column":2},"end":{"line":125,"column":null}},"26":{"start":{"line":126,"column":2},"end":{"line":126,"column":null}},"27":{"start":{"line":128,"column":2},"end":{"line":128,"column":null}},"28":{"start":{"line":141,"column":19},"end":{"line":143,"column":null}},"29":{"start":{"line":142,"column":4},"end":{"line":142,"column":null}},"30":{"start":{"line":145,"column":18},"end":{"line":145,"column":null}},"31":{"start":{"line":146,"column":2},"end":{"line":148,"column":null}},"32":{"start":{"line":147,"column":4},"end":{"line":147,"column":null}},"33":{"start":{"line":150,"column":13},"end":{"line":150,"column":null}},"34":{"start":{"line":151,"column":21},"end":{"line":151,"column":null}},"35":{"start":{"line":152,"column":14},"end":{"line":152,"column":null}},"36":{"start":{"line":154,"column":21},"end":{"line":154,"column":null}},"37":{"start":{"line":156,"column":20},"end":{"line":160,"column":null}},"38":{"start":{"line":162,"column":2},"end":{"line":162,"column":null}}},"fnMap":{"0":{"name":"base64urlEncode","decl":{"start":{"line":16,"column":9},"end":{"line":16,"column":25}},"loc":{"start":{"line":16,"column":52},"end":{"line":21,"column":null}},"line":16},"1":{"name":"base64urlDecode","decl":{"start":{"line":23,"column":9},"end":{"line":23,"column":25}},"loc":{"start":{"line":23,"column":50},"end":{"line":27,"column":null}},"line":23},"2":{"name":"(anonymous_2)","decl":{"start":{"line":26,"column":39},"end":{"line":26,"column":40}},"loc":{"start":{"line":26,"column":46},"end":{"line":26,"column":61}},"line":26},"3":{"name":"generateKey","decl":{"start":{"line":32,"column":22},"end":{"line":32,"column":56}},"loc":{"start":{"line":32,"column":56},"end":{"line":37,"column":null}},"line":32},"4":{"name":"exportKey","decl":{"start":{"line":40,"column":22},"end":{"line":40,"column":32}},"loc":{"start":{"line":40,"column":65},"end":{"line":43,"column":null}},"line":40},"5":{"name":"importKey","decl":{"start":{"line":46,"column":22},"end":{"line":46,"column":32}},"loc":{"start":{"line":46,"column":71},"end":{"line":55,"column":null}},"line":46},"6":{"name":"deriveKey","decl":{"start":{"line":64,"column":15},"end":{"line":64,"column":null}},"loc":{"start":{"line":67,"column":22},"end":{"line":92,"column":null}},"line":67},"7":{"name":"encrypt","decl":{"start":{"line":102,"column":22},"end":{"line":102,"column":null}},"loc":{"start":{"line":106,"column":19},"end":{"line":129,"column":null}},"line":106},"8":{"name":"decrypt","decl":{"start":{"line":136,"column":22},"end":{"line":136,"column":null}},"loc":{"start":{"line":140,"column":19},"end":{"line":163,"column":null}},"line":140},"9":{"name":"(anonymous_9)","decl":{"start":{"line":141,"column":59},"end":{"line":141,"column":60}},"loc":{"start":{"line":142,"column":4},"end":{"line":142,"column":null}},"line":142}},"branchMap":{"0":{"loc":{"start":{"line":146,"column":2},"end":{"line":148,"column":null}},"type":"if","locations":[{"start":{"line":146,"column":2},"end":{"line":148,"column":null}},{"start":{},"end":{}}],"line":146}},"s":{"0":1,"1":1,"2":2,"3":1,"4":1,"5":1,"6":32,"7":13,"8":2,"9":2,"10":1,"11":1,"12":15,"13":15,"14":15,"15":15,"16":10,"17":10,"18":10,"19":10,"20":10,"21":10,"22":10,"23":10,"24":10,"25":10,"26":10,"27":10,"28":6,"29":226,"30":6,"31":6,"32":1,"33":5,"34":5,"35":5,"36":5,"37":5,"38":3},"f":{"0":2,"1":1,"2":32,"3":13,"4":2,"5":1,"6":15,"7":10,"8":6,"9":226},"b":{"0":[1,5]},"meta":{"lastBranch":1,"lastFunction":10,"lastStatement":39,"seen":{"s:11:16:11:Infinity":0,"s:12:17:12:Infinity":1,"f:16:9:16:25":0,"s:17:2:20:Infinity":2,"f:23:9:23:25":1,"s:24:17:24:Infinity":3,"s:25:17:25:Infinity":4,"s:26:2:26:Infinity":5,"f:26:39:26:40":2,"s:26:46:26:61":6,"f:32:22:32:56":3,"s:33:2:36:Infinity":7,"f:40:22:40:32":4,"s:41:14:41:Infinity":8,"s:42:2:42:Infinity":9,"f:46:22:46:32":5,"s:47:14:47:Infinity":10,"s:48:2:54:Infinity":11,"f:64:15:64:Infinity":6,"s:69:17:69:Infinity":12,"s:71:18:77:Infinity":13,"s:79:18:79:Infinity":14,"s:80:2:91:Infinity":15,"f:102:22:102:Infinity":7,"s:107:21:107:Infinity":16,"s:108:13:108:Infinity":17,"s:109:14:109:Infinity":18,"s:110:18:110:Infinity":19,"s:112:21:116:Infinity":20,"s:119:2:119:Infinity":21,"s:122:18:122:Infinity":22,"s:123:19:123:Infinity":23,"s:124:2:124:Infinity":24,"s:125:2:125:Infinity":25,"s:126:2:126:Infinity":26,"s:128:2:128:Infinity":27,"f:136:22:136:Infinity":8,"s:141:19:143:Infinity":28,"f:141:59:141:60":9,"s:142:4:142:Infinity":29,"s:145:18:145:Infinity":30,"b:146:2:148:Infinity:undefined:undefined:undefined:undefined":0,"s:146:2:148:Infinity":31,"s:147:4:147:Infinity":32,"s:150:13:150:Infinity":33,"s:151:21:151:Infinity":34,"s:152:14:152:Infinity":35,"s:154:21:154:Infinity":36,"s:156:20:160:Infinity":37,"s:162:2:162:Infinity":38}}}
,"/Users/diogo/github-archive/repos/dhdtech/only-once-share/ui/src/pages/CreateSecret.tsx": {"path":"/Users/diogo/github-archive/repos/dhdtech/only-once-share/ui/src/pages/CreateSecret.tsx","statementMap":{"0":{"start":{"line":17,"column":20},"end":{"line":24,"column":null}},"1":{"start":{"line":27,"column":18},"end":{"line":27,"column":null}},"2":{"start":{"line":28,"column":26},"end":{"line":28,"column":null}},"3":{"start":{"line":29,"column":30},"end":{"line":29,"column":null}},"4":{"start":{"line":30,"column":22},"end":{"line":30,"column":null}},"5":{"start":{"line":31,"column":28},"end":{"line":31,"column":null}},"6":{"start":{"line":32,"column":24},"end":{"line":32,"column":null}},"7":{"start":{"line":33,"column":26},"end":{"line":33,"column":null}},"8":{"start":{"line":36,"column":4},"end":{"line":36,"column":null}},"9":{"start":{"line":37,"column":4},"end":{"line":37,"column":null}},"10":{"start":{"line":37,"column":24},"end":{"line":37,"column":null}},"11":{"start":{"line":39,"column":4},"end":{"line":39,"column":null}},"12":{"start":{"line":40,"column":4},"end":{"line":40,"column":null}},"13":{"start":{"line":41,"column":4},"end":{"line":41,"column":null}},"14":{"start":{"line":43,"column":4},"end":{"line":56,"column":null}},"15":{"start":{"line":44,"column":17},"end":{"line":44,"column":null}},"16":{"start":{"line":45,"column":18},"end":{"line":45,"column":null}},"17":{"start":{"line":46,"column":25},"end":{"line":46,"column":null}},"18":{"start":{"line":47,"column":21},"end":{"line":47,"column":null}},"19":{"start":{"line":48,"column":21},"end":{"line":48,"column":null}},"20":{"start":{"line":49,"column":21},"end":{"line":49,"column":null}},"21":{"start":{"line":50,"column":6},"end":{"line":50,"column":null}},"22":{"start":{"line":51,"column":6},"end":{"line":51,"column":null}},"23":{"start":{"line":53,"column":6},"end":{"line":53,"column":null}},"24":{"start":{"line":55,"column":6},"end":{"line":55,"column":null}},"25":{"start":{"line":60,"column":4},"end":{"line":60,"column":null}},"26":{"start":{"line":61,"column":4},"end":{"line":61,"column":null}},"27":{"start":{"line":62,"column":4},"end":{"line":62,"column":null}},"28":{"start":{"line":62,"column":21},"end":{"line":62,"column":39}},"29":{"start":{"line":66,"column":4},"end":{"line":66,"column":null}},"30":{"start":{"line":67,"column":4},"end":{"line":67,"column":null}},"31":{"start":{"line":71,"column":17},"end":{"line":71,"column":null}},"32":{"start":{"line":72,"column":4},"end":{"line":72,"column":null}},"33":{"start":{"line":76,"column":20},"end":{"line":76,"column":null}},"34":{"start":{"line":77,"column":17},"end":{"line":77,"column":null}},"35":{"start":{"line":78,"column":4},"end":{"line":78,"column":null}},"36":{"start":{"line":81,"column":2},"end":{"line":209,"column":null}},"37":{"start":{"line":99,"column":33},"end":{"line":99,"column":null}},"38":{"start":{"line":117,"column":18},"end":{"line":125,"column":null}},"39":{"start":{"line":122,"column":35},"end":{"line":122,"column":null}}},"fnMap":{"0":{"name":"CreateSecret","decl":{"start":{"line":26,"column":24},"end":{"line":26,"column":39}},"loc":{"start":{"line":26,"column":39},"end":{"line":211,"column":null}},"line":26},"1":{"name":"handleSubmit","decl":{"start":{"line":35,"column":17},"end":{"line":35,"column":30}},"loc":{"start":{"line":35,"column":50},"end":{"line":57,"column":null}},"line":35},"2":{"name":"handleCopy","decl":{"start":{"line":59,"column":17},"end":{"line":59,"column":30}},"loc":{"start":{"line":59,"column":30},"end":{"line":63,"column":null}},"line":59},"3":{"name":"(anonymous_3)","decl":{"start":{"line":62,"column":15},"end":{"line":62,"column":21}},"loc":{"start":{"line":62,"column":21},"end":{"line":62,"column":39}},"line":62},"4":{"name":"handleReset","decl":{"start":{"line":65,"column":11},"end":{"line":65,"column":25}},"loc":{"start":{"line":65,"column":25},"end":{"line":68,"column":null}},"line":65},"5":{"name":"whatsappUrl","decl":{"start":{"line":70,"column":11},"end":{"line":70,"column":25}},"loc":{"start":{"line":70,"column":25},"end":{"line":73,"column":null}},"line":70},"6":{"name":"mailtoUrl","decl":{"start":{"line":75,"column":11},"end":{"line":75,"column":23}},"loc":{"start":{"line":75,"column":23},"end":{"line":79,"column":null}},"line":75},"7":{"name":"(anonymous_7)","decl":{"start":{"line":99,"column":26},"end":{"line":99,"column":27}},"loc":{"start":{"line":99,"column":33},"end":{"line":99,"column":null}},"line":99},"8":{"name":"(anonymous_8)","decl":{"start":{"line":116,"column":33},"end":{"line":116,"column":34}},"loc":{"start":{"line":117,"column":18},"end":{"line":125,"column":null}},"line":117},"9":{"name":"(anonymous_9)","decl":{"start":{"line":122,"column":29},"end":{"line":122,"column":35}},"loc":{"start":{"line":122,"column":35},"end":{"line":122,"column":null}},"line":122}},"branchMap":{"0":{"loc":{"start":{"line":37,"column":4},"end":{"line":37,"column":null}},"type":"if","locations":[{"start":{"line":37,"column":4},"end":{"line":37,"column":null}},{"start":{},"end":{}}],"line":37},"1":{"loc":{"start":{"line":49,"column":21},"end":{"line":49,"column":null}},"type":"binary-expr","locations":[{"start":{"line":49,"column":21},"end":{"line":49,"column":37}},{"start":{"line":49,"column":37},"end":{"line":49,"column":null}}],"line":49},"2":{"loc":{"start":{"line":53,"column":15},"end":{"line":53,"column":74}},"type":"cond-expr","locations":[{"start":{"line":53,"column":38},"end":{"line":53,"column":52}},{"start":{"line":53,"column":52},"end":{"line":53,"column":74}}],"line":53},"3":{"loc":{"start":{"line":89,"column":9},"end":{"line":206,"column":null}},"type":"cond-expr","locations":[{"start":{"line":90,"column":10},"end":{"line":154,"column":null}},{"start":{"line":156,"column":10},"end":{"line":206,"column":null}}],"line":89},"4":{"loc":{"start":{"line":130,"column":13},"end":{"line":134,"column":null}},"type":"binary-expr","locations":[{"start":{"line":130,"column":13},"end":{"line":130,"column":null}},{"start":{"line":131,"column":14},"end":{"line":134,"column":null}}],"line":130},"5":{"loc":{"start":{"line":140,"column":24},"end":{"line":140,"column":null}},"type":"binary-expr","locations":[{"start":{"line":140,"column":24},"end":{"line":140,"column":35}},{"start":{"line":140,"column":35},"end":{"line":140,"column":null}}],"line":140},"6":{"loc":{"start":{"line":142,"column":15},"end":{"line":151,"column":null}},"type":"cond-expr","locations":[{"start":{"line":143,"column":16},"end":{"line":146,"column":null}},{"start":{"line":148,"column":16},"end":{"line":151,"column":null}}],"line":142},"7":{"loc":{"start":{"line":171,"column":40},"end":{"line":171,"column":73}},"type":"cond-expr","locations":[{"start":{"line":171,"column":49},"end":{"line":171,"column":71}},{"start":{"line":171,"column":71},"end":{"line":171,"column":73}}],"line":171},"8":{"loc":{"start":{"line":175,"column":17},"end":{"line":175,"column":null}},"type":"cond-expr","locations":[{"start":{"line":175,"column":26},"end":{"line":175,"column":48}},{"start":{"line":175,"column":48},"end":{"line":175,"column":null}}],"line":175},"9":{"loc":{"start":{"line":176,"column":23},"end":{"line":176,"column":70}},"type":"cond-expr","locations":[{"start":{"line":176,"column":32},"end":{"line":176,"column":53}},{"start":{"line":176,"column":53},"end":{"line":176,"column":70}}],"line":176}},"s":{"0":1,"1":75,"2":75,"3":75,"4":75,"5":75,"6":75,"7":75,"8":8,"9":8,"10":0,"11":8,"12":8,"13":8,"14":8,"15":8,"16":8,"17":8,"18":7,"19":6,"20":6,"21":8,"22":8,"23":2,"24":8,"25":1,"26":1,"27":1,"28":0,"29":1,"30":1,"31":7,"32":7,"33":7,"34":7,"35":7,"36":75,"37":42,"38":408,"39":1},"f":{"0":75,"1":8,"2":1,"3":0,"4":1,"5":7,"6":7,"7":42,"8":408,"9":1},"b":{"0":[0,8],"1":[6,0],"2":[1,1],"3":[68,7],"4":[68,2],"5":[68,60],"6":[8,60],"7":[1,6],"8":[1,6],"9":[1,6]},"meta":{"lastBranch":10,"lastFunction":10,"lastStatement":40,"seen":{"s:17:20:24:Infinity":0,"f:26:24:26:39":0,"s:27:18:27:Infinity":1,"s:28:26:28:Infinity":2,"s:29:30:29:Infinity":3,"s:30:22:30:Infinity":4,"s:31:28:31:Infinity":5,"s:32:24:32:Infinity":6,"s:33:26:33:Infinity":7,"f:35:17:35:30":1,"s:36:4:36:Infinity":8,"b:37:4:37:Infinity:undefined:undefined:undefined:undefined":0,"s:37:4:37:Infinity":9,"s:37:24:37:Infinity":10,"s:39:4:39:Infinity":11,"s:40:4:40:Infinity":12,"s:41:4:41:Infinity":13,"s:43:4:56:Infinity":14,"s:44:17:44:Infinity":15,"s:45:18:45:Infinity":16,"s:46:25:46:Infinity":17,"s:47:21:47:Infinity":18,"s:48:21:48:Infinity":19,"s:49:21:49:Infinity":20,"b:49:21:49:37:49:37:49:Infinity":1,"s:50:6:50:Infinity":21,"s:51:6:51:Infinity":22,"s:53:6:53:Infinity":23,"b:53:38:53:52:53:52:53:74":2,"s:55:6:55:Infinity":24,"f:59:17:59:30":2,"s:60:4:60:Infinity":25,"s:61:4:61:Infinity":26,"s:62:4:62:Infinity":27,"f:62:15:62:21":3,"s:62:21:62:39":28,"f:65:11:65:25":4,"s:66:4:66:Infinity":29,"s:67:4:67:Infinity":30,"f:70:11:70:25":5,"s:71:17:71:Infinity":31,"s:72:4:72:Infinity":32,"f:75:11:75:23":6,"s:76:20:76:Infinity":33,"s:77:17:77:Infinity":34,"s:78:4:78:Infinity":35,"s:81:2:209:Infinity":36,"b:90:10:154:Infinity:156:10:206:Infinity":3,"f:99:26:99:27":7,"s:99:33:99:Infinity":37,"f:116:33:116:34":8,"s:117:18:125:Infinity":38,"f:122:29:122:35":9,"s:122:35:122:Infinity":39,"b:130:13:130:Infinity:131:14:134:Infinity":4,"b:140:24:140:35:140:35:140:Infinity":5,"b:143:16:146:Infinity:148:16:151:Infinity":6,"b:171:49:171:71:171:71:171:73":7,"b:175:26:175:48:175:48:175:Infinity":8,"b:176:32:176:53:176:53:176:70":9}}}
,"/Users/diogo/github-archive/repos/dhdtech/only-once-share/ui/src/pages/ViewSecret.tsx": {"path":"/Users/diogo/github-archive/repos/dhdtech/only-once-share/ui/src/pages/ViewSecret.tsx","statementMap":{"0":{"start":{"line":18,"column":12},"end":{"line":18,"column":null}},"1":{"start":{"line":19,"column":13},"end":{"line":19,"column":null}},"2":{"start":{"line":20,"column":26},"end":{"line":20,"column":null}},"3":{"start":{"line":21,"column":32},"end":{"line":21,"column":null}},"4":{"start":{"line":22,"column":24},"end":{"line":22,"column":null}},"5":{"start":{"line":23,"column":26},"end":{"line":23,"column":null}},"6":{"start":{"line":25,"column":2},"end":{"line":52,"column":null}},"7":{"start":{"line":27,"column":21},"end":{"line":27,"column":null}},"8":{"start":{"line":28,"column":6},"end":{"line":32,"column":null}},"9":{"start":{"line":29,"column":8},"end":{"line":29,"column":null}},"10":{"start":{"line":30,"column":8},"end":{"line":30,"column":null}},"11":{"start":{"line":31,"column":8},"end":{"line":31,"column":null}},"12":{"start":{"line":34,"column":6},"end":{"line":48,"column":null}},"13":{"start":{"line":35,"column":23},"end":{"line":35,"column":null}},"14":{"start":{"line":36,"column":20},"end":{"line":36,"column":null}},"15":{"start":{"line":37,"column":26},"end":{"line":37,"column":null}},"16":{"start":{"line":38,"column":8},"end":{"line":38,"column":null}},"17":{"start":{"line":39,"column":8},"end":{"line":39,"column":null}},"18":{"start":{"line":41,"column":20},"end":{"line":41,"column":null}},"19":{"start":{"line":42,"column":8},"end":{"line":47,"column":null}},"20":{"start":{"line":43,"column":10},"end":{"line":43,"column":null}},"21":{"start":{"line":45,"column":10},"end":{"line":45,"column":null}},"22":{"start":{"line":46,"column":10},"end":{"line":46,"column":null}},"23":{"start":{"line":51,"column":4},"end":{"line":51,"column":null}},"24":{"start":{"line":55,"column":4},"end":{"line":55,"column":null}},"25":{"start":{"line":56,"column":4},"end":{"line":56,"column":null}},"26":{"start":{"line":57,"column":4},"end":{"line":57,"column":null}},"27":{"start":{"line":57,"column":21},"end":{"line":57,"column":39}},"28":{"start":{"line":60,"column":2},"end":{"line":119,"column":null}}},"fnMap":{"0":{"name":"ViewSecret","decl":{"start":{"line":17,"column":24},"end":{"line":17,"column":37}},"loc":{"start":{"line":17,"column":37},"end":{"line":121,"column":null}},"line":17},"1":{"name":"(anonymous_1)","decl":{"start":{"line":25,"column":12},"end":{"line":25,"column":18}},"loc":{"start":{"line":25,"column":18},"end":{"line":52,"column":5}},"line":25},"2":{"name":"fetchAndDecrypt","decl":{"start":{"line":26,"column":19},"end":{"line":26,"column":37}},"loc":{"start":{"line":26,"column":37},"end":{"line":49,"column":null}},"line":26},"3":{"name":"handleCopy","decl":{"start":{"line":54,"column":17},"end":{"line":54,"column":30}},"loc":{"start":{"line":54,"column":30},"end":{"line":58,"column":null}},"line":54},"4":{"name":"(anonymous_4)","decl":{"start":{"line":57,"column":15},"end":{"line":57,"column":21}},"loc":{"start":{"line":57,"column":21},"end":{"line":57,"column":39}},"line":57}},"branchMap":{"0":{"loc":{"start":{"line":28,"column":6},"end":{"line":32,"column":null}},"type":"if","locations":[{"start":{"line":28,"column":6},"end":{"line":32,"column":null}},{"start":{},"end":{}}],"line":28},"1":{"loc":{"start":{"line":28,"column":10},"end":{"line":28,"column":26}},"type":"binary-expr","locations":[{"start":{"line":28,"column":10},"end":{"line":28,"column":21}},{"start":{"line":28,"column":21},"end":{"line":28,"column":26}}],"line":28},"2":{"loc":{"start":{"line":41,"column":20},"end":{"line":41,"column":null}},"type":"cond-expr","locations":[{"start":{"line":41,"column":43},"end":{"line":41,"column":57}},{"start":{"line":41,"column":57},"end":{"line":41,"column":null}}],"line":41},"3":{"loc":{"start":{"line":42,"column":8},"end":{"line":47,"column":null}},"type":"if","locations":[{"start":{"line":42,"column":8},"end":{"line":47,"column":null}},{"start":{"line":44,"column":15},"end":{"line":47,"column":null}}],"line":42},"4":{"loc":{"start":{"line":42,"column":12},"end":{"line":42,"column":73}},"type":"binary-expr","locations":[{"start":{"line":42,"column":12},"end":{"line":42,"column":41}},{"start":{"line":42,"column":41},"end":{"line":42,"column":73}}],"line":42},"5":{"loc":{"start":{"line":62,"column":7},"end":{"line":68,"column":null}},"type":"binary-expr","locations":[{"start":{"line":62,"column":7},"end":{"line":62,"column":null}},{"start":{"line":63,"column":8},"end":{"line":68,"column":null}}],"line":62},"6":{"loc":{"start":{"line":71,"column":7},"end":{"line":88,"column":null}},"type":"binary-expr","locations":[{"start":{"line":71,"column":7},"end":{"line":71,"column":null}},{"start":{"line":72,"column":8},"end":{"line":88,"column":null}}],"line":71},"7":{"loc":{"start":{"line":80,"column":48},"end":{"line":80,"column":88}},"type":"cond-expr","locations":[{"start":{"line":80,"column":57},"end":{"line":80,"column":73}},{"start":{"line":80,"column":73},"end":{"line":80,"column":88}}],"line":80},"8":{"loc":{"start":{"line":84,"column":15},"end":{"line":84,"column":null}},"type":"cond-expr","locations":[{"start":{"line":84,"column":24},"end":{"line":84,"column":46}},{"start":{"line":84,"column":46},"end":{"line":84,"column":null}}],"line":84},"9":{"loc":{"start":{"line":85,"column":15},"end":{"line":85,"column":null}},"type":"cond-expr","locations":[{"start":{"line":85,"column":24},"end":{"line":85,"column":52}},{"start":{"line":85,"column":52},"end":{"line":85,"column":null}}],"line":85},"10":{"loc":{"start":{"line":91,"column":7},"end":{"line":100,"column":null}},"type":"binary-expr","locations":[{"start":{"line":91,"column":7},"end":{"line":91,"column":null}},{"start":{"line":92,"column":8},"end":{"line":100,"column":null}}],"line":91},"11":{"loc":{"start":{"line":103,"column":7},"end":{"line":112,"column":null}},"type":"binary-expr","locations":[{"start":{"line":103,"column":7},"end":{"line":103,"column":null}},{"start":{"line":104,"column":8},"end":{"line":112,"column":null}}],"line":103},"12":{"loc":{"start":{"line":110,"column":16},"end":{"line":110,"column":44}},"type":"binary-expr","locations":[{"start":{"line":110,"column":16},"end":{"line":110,"column":25}},{"start":{"line":110,"column":25},"end":{"line":110,"column":44}}],"line":110},"13":{"loc":{"start":{"line":117,"column":9},"end":{"line":117,"column":null}},"type":"cond-expr","locations":[{"start":{"line":117,"column":33},"end":{"line":117,"column":55}},{"start":{"line":117,"column":55},"end":{"line":117,"column":null}}],"line":117}},"s":{"0":20,"1":20,"2":20,"3":20,"4":20,"5":20,"6":20,"7":10,"8":10,"9":2,"10":2,"11":2,"12":8,"13":8,"14":4,"15":4,"16":3,"17":3,"18":4,"19":4,"20":2,"21":2,"22":2,"23":10,"24":1,"25":1,"26":1,"27":0,"28":20},"f":{"0":20,"1":10,"2":10,"3":1,"4":0},"b":{"0":[2,8],"1":[10,9],"2":[3,1],"3":[2,2],"4":[4,2],"5":[20,10],"6":[20,4],"7":[1,3],"8":[1,3],"9":[1,3],"10":[20,2],"11":[20,4],"12":[4,0],"13":[4,16]},"meta":{"lastBranch":14,"lastFunction":5,"lastStatement":29,"seen":{"f:17:24:17:37":0,"s:18:12:18:Infinity":0,"s:19:13:19:Infinity":1,"s:20:26:20:Infinity":2,"s:21:32:21:Infinity":3,"s:22:24:22:Infinity":4,"s:23:26:23:Infinity":5,"s:25:2:52:Infinity":6,"f:25:12:25:18":1,"f:26:19:26:37":2,"s:27:21:27:Infinity":7,"b:28:6:32:Infinity:undefined:undefined:undefined:undefined":0,"s:28:6:32:Infinity":8,"b:28:10:28:21:28:21:28:26":1,"s:29:8:29:Infinity":9,"s:30:8:30:Infinity":10,"s:31:8:31:Infinity":11,"s:34:6:48:Infinity":12,"s:35:23:35:Infinity":13,"s:36:20:36:Infinity":14,"s:37:26:37:Infinity":15,"s:38:8:38:Infinity":16,"s:39:8:39:Infinity":17,"s:41:20:41:Infinity":18,"b:41:43:41:57:41:57:41:Infinity":2,"b:42:8:47:Infinity:44:15:47:Infinity":3,"s:42:8:47:Infinity":19,"b:42:12:42:41:42:41:42:73":4,"s:43:10:43:Infinity":20,"s:45:10:45:Infinity":21,"s:46:10:46:Infinity":22,"s:51:4:51:Infinity":23,"f:54:17:54:30":3,"s:55:4:55:Infinity":24,"s:56:4:56:Infinity":25,"s:57:4:57:Infinity":26,"f:57:15:57:21":4,"s:57:21:57:39":27,"s:60:2:119:Infinity":28,"b:62:7:62:Infinity:63:8:68:Infinity":5,"b:71:7:71:Infinity:72:8:88:Infinity":6,"b:80:57:80:73:80:73:80:88":7,"b:84:24:84:46:84:46:84:Infinity":8,"b:85:24:85:52:85:52:85:Infinity":9,"b:91:7:91:Infinity:92:8:100:Infinity":10,"b:103:7:103:Infinity:104:8:112:Infinity":11,"b:110:16:110:25:110:25:110:44":12,"b:117:33:117:55:117:55:117:Infinity":13}}}
}
